This file contains any messages produced by compilers while
running configure, to aid debugging if configure makes a mistake.

It was created by sdssdas configure 2.2, which was
generated by GNU Autoconf 2.61.  Invocation command line was

  $ ./configure --prefix=/srv/das --sysconfdir=/usr/local/etc

## --------- ##
## Platform. ##
## --------- ##

hostname = tenacious
uname -m = x86_64
uname -r = 2.6.32-504.3.3.el6.x86_64
uname -s = Linux
uname -v = #1 SMP Tue Dec 16 14:29:22 CST 2014

/usr/bin/uname -p = unknown
/bin/uname -X     = unknown

/bin/arch              = x86_64
/usr/bin/arch -k       = unknown
/usr/convex/getsysinfo = unknown
/usr/bin/hostinfo      = unknown
/bin/machine           = unknown
/usr/bin/oslevel       = unknown
/bin/universe          = unknown

PATH: /home/raddickvalidate/v141/bin
PATH: .
PATH: ~/bin
PATH: /bin
PATH: /usr/local/bin
PATH: /usr/bin
PATH: /usr/X11R6/bin
PATH: /sbin
PATH: /usr/bin


## ----------- ##
## Core tests. ##
## ----------- ##

configure:1881: checking for a BSD-compatible install
configure:1937: result: /usr/bin/install -c
configure:1948: checking whether build environment is sane
configure:1991: result: yes
configure:2019: checking for a thread-safe mkdir -p
configure:2058: result: /bin/mkdir -p
configure:2071: checking for gawk
configure:2087: found /bin/gawk
configure:2098: result: gawk
configure:2109: checking whether make sets $(MAKE)
configure:2130: result: yes
configure:2368: checking for gcc
configure:2384: found /usr/bin/gcc
configure:2395: result: gcc
configure:2633: checking for C compiler version
configure:2640: gcc --version >&5
gcc (GCC) 4.4.6 20110731 (Red Hat 4.4.6-3)
Copyright (C) 2010 Free Software Foundation, Inc.
This is free software; see the source for copying conditions.  There is NO
warranty; not even for MERCHANTABILITY or FITNESS FOR A PARTICULAR PURPOSE.

configure:2643: $? = 0
configure:2650: gcc -v >&5
Using built-in specs.
Target: x86_64-redhat-linux
Configured with: ../configure --prefix=/usr --mandir=/usr/share/man --infodir=/usr/share/info --with-bugurl=http://bugzilla.redhat.com/bugzilla --enable-bootstrap --enable-shared --enable-threads=posix --enable-checking=release --with-system-zlib --enable-__cxa_atexit --disable-libunwind-exceptions --enable-gnu-unique-object --enable-languages=c,c++,objc,obj-c++,java,fortran,ada --enable-java-awt=gtk --disable-dssi --with-java-home=/usr/lib/jvm/java-1.5.0-gcj-1.5.0.0/jre --enable-libgcj-multifile --enable-java-maintainer-mode --with-ecj-jar=/usr/share/java/eclipse-ecj.jar --disable-libjava-multilib --with-ppl --with-cloog --with-tune=generic --with-arch_32=i686 --build=x86_64-redhat-linux
Thread model: posix
gcc version 4.4.6 20110731 (Red Hat 4.4.6-3) (GCC) 
configure:2653: $? = 0
configure:2660: gcc -V >&5
gcc: '-V' option must have argument
configure:2663: $? = 1
configure:2686: checking for C compiler default output file name
configure:2713: gcc    conftest.c  >&5
configure:2716: $? = 0
configure:2754: result: a.out
configure:2771: checking whether the C compiler works
configure:2781: ./a.out
configure:2784: $? = 0
configure:2801: result: yes
configure:2808: checking whether we are cross compiling
configure:2810: result: no
configure:2813: checking for suffix of executables
configure:2820: gcc -o conftest    conftest.c  >&5
configure:2823: $? = 0
configure:2847: result: 
configure:2853: checking for suffix of object files
configure:2879: gcc -c   conftest.c >&5
configure:2882: $? = 0
configure:2905: result: o
configure:2909: checking whether we are using the GNU C compiler
configure:2938: gcc -c   conftest.c >&5
configure:2944: $? = 0
configure:2961: result: yes
configure:2966: checking whether gcc accepts -g
configure:2996: gcc -c -g  conftest.c >&5
configure:3002: $? = 0
configure:3101: result: yes
configure:3118: checking for gcc option to accept ISO C89
configure:3192: gcc  -c -g -O2  conftest.c >&5
configure:3198: $? = 0
configure:3221: result: none needed
configure:3250: checking for style of include used by make
configure:3278: result: GNU
configure:3303: checking dependency style of gcc
configure:3394: result: gcc3
configure:3428: checking for a BSD-compatible install
configure:3484: result: /usr/bin/install -c
configure:3499: checking for main in -lm
configure:3528: gcc -o conftest -g -O2   conftest.c -lm   >&5
configure:3534: $? = 0
configure:3552: result: yes
configure:3570: checking how to run the C preprocessor
configure:3610: gcc -E  conftest.c
configure:3616: $? = 0
configure:3647: gcc -E  conftest.c
conftest.c:11:28: error: ac_nonexistent.h: No such file or directory
configure:3653: $? = 1
configure: failed program was:
| /* confdefs.h.  */
| #define PACKAGE_NAME "sdssdas"
| #define PACKAGE_TARNAME "sdssdas"
| #define PACKAGE_VERSION "2.2"
| #define PACKAGE_STRING "sdssdas 2.2"
| #define PACKAGE_BUGREPORT "neilsen@fnal.gov"
| #define PACKAGE "sdssdas"
| #define VERSION "2.2"
| #define HAVE_LIBM 1
| /* end confdefs.h.  */
| #include <ac_nonexistent.h>
configure:3686: result: gcc -E
configure:3715: gcc -E  conftest.c
configure:3721: $? = 0
configure:3752: gcc -E  conftest.c
conftest.c:11:28: error: ac_nonexistent.h: No such file or directory
configure:3758: $? = 1
configure: failed program was:
| /* confdefs.h.  */
| #define PACKAGE_NAME "sdssdas"
| #define PACKAGE_TARNAME "sdssdas"
| #define PACKAGE_VERSION "2.2"
| #define PACKAGE_STRING "sdssdas 2.2"
| #define PACKAGE_BUGREPORT "neilsen@fnal.gov"
| #define PACKAGE "sdssdas"
| #define VERSION "2.2"
| #define HAVE_LIBM 1
| /* end confdefs.h.  */
| #include <ac_nonexistent.h>
configure:3796: checking for grep that handles long lines and -e
configure:3870: result: /bin/grep
configure:3875: checking for egrep
configure:3953: result: /bin/grep -E
configure:3958: checking for ANSI C header files
configure:3988: gcc -c -g -O2  conftest.c >&5
configure:3994: $? = 0
configure:4093: gcc -o conftest -g -O2   conftest.c -lm  >&5
configure:4096: $? = 0
configure:4102: ./conftest
configure:4105: $? = 0
configure:4122: result: yes
configure:4146: checking for sys/types.h
configure:4167: gcc -c -g -O2  conftest.c >&5
configure:4173: $? = 0
configure:4189: result: yes
configure:4146: checking for sys/stat.h
configure:4167: gcc -c -g -O2  conftest.c >&5
configure:4173: $? = 0
configure:4189: result: yes
configure:4146: checking for stdlib.h
configure:4167: gcc -c -g -O2  conftest.c >&5
configure:4173: $? = 0
configure:4189: result: yes
configure:4146: checking for string.h
configure:4167: gcc -c -g -O2  conftest.c >&5
configure:4173: $? = 0
configure:4189: result: yes
configure:4146: checking for memory.h
configure:4167: gcc -c -g -O2  conftest.c >&5
configure:4173: $? = 0
configure:4189: result: yes
configure:4146: checking for strings.h
configure:4167: gcc -c -g -O2  conftest.c >&5
configure:4173: $? = 0
configure:4189: result: yes
configure:4146: checking for inttypes.h
configure:4167: gcc -c -g -O2  conftest.c >&5
configure:4173: $? = 0
configure:4189: result: yes
configure:4146: checking for stdint.h
configure:4167: gcc -c -g -O2  conftest.c >&5
configure:4173: $? = 0
configure:4189: result: yes
configure:4146: checking for unistd.h
configure:4167: gcc -c -g -O2  conftest.c >&5
configure:4173: $? = 0
configure:4189: result: yes
configure:4219: checking assert.h usability
configure:4236: gcc -c -g -O2  conftest.c >&5
configure:4242: $? = 0
configure:4256: result: yes
configure:4260: checking assert.h presence
configure:4275: gcc -E  conftest.c
configure:4281: $? = 0
configure:4295: result: yes
configure:4328: checking for assert.h
configure:4336: result: yes
configure:4219: checking stdio.h usability
configure:4236: gcc -c -g -O2  conftest.c >&5
configure:4242: $? = 0
configure:4256: result: yes
configure:4260: checking stdio.h presence
configure:4275: gcc -E  conftest.c
configure:4281: $? = 0
configure:4295: result: yes
configure:4328: checking for stdio.h
configure:4336: result: yes
configure:4209: checking for sys/stat.h
configure:4215: result: yes
configure:4209: checking for sys/types.h
configure:4215: result: yes
configure:4352: checking for mkdtemp
configure:4408: gcc -o conftest -g -O2   conftest.c -lm  >&5
configure:4414: $? = 0
configure:4431: result: yes
configure:6816: checking for stdbool.h that conforms to C99
configure:6909: gcc -c -g -O2  conftest.c >&5
configure:6915: $? = 0
configure:6930: result: yes
configure:6932: checking for _Bool
configure:6962: gcc -c -g -O2  conftest.c >&5
configure:6968: $? = 0
configure:6983: result: yes
configure:7002: checking for an ANSI C-conforming const
configure:7077: gcc -c -g -O2  conftest.c >&5
configure:7083: $? = 0
configure:7098: result: yes
configure:7108: checking for size_t
configure:7138: gcc -c -g -O2  conftest.c >&5
configure:7144: $? = 0
configure:7159: result: yes
configure:7189: checking for stdlib.h
configure:7195: result: yes
configure:7329: checking for GNU libc compatible malloc
configure:7363: gcc -o conftest -g -O2   conftest.c -lm  >&5
configure:7366: $? = 0
configure:7372: ./conftest
configure:7375: $? = 0
configure:7391: result: yes
configure:7573: checking for a sed that does not truncate output
configure:7652: result: /bin/sed
configure:7657: creating ./config.status

## ---------------------- ##
## Running config.status. ##
## ---------------------- ##

This file was extended by sdssdas config.status 2.2, which was
generated by GNU Autoconf 2.61.  Invocation command line was

  CONFIG_FILES    = 
  CONFIG_HEADERS  = 
  CONFIG_LINKS    = 
  CONFIG_COMMANDS = 
  $ ./config.status 

on tenacious

config.status:729: creating Makefile
config.status:729: creating include/Makefile
config.status:729: creating src/Makefile
config.status:729: creating html/Makefile
config.status:729: creating test/Makefile
config.status:729: creating test/src/Makefile
config.status:729: creating test/bin/Makefile
config.status:729: creating test/data/Makefile
config.status:920: executing depfiles commands

## ---------------- ##
## Cache variables. ##
## ---------------- ##

ac_cv_c_compiler_gnu=yes
ac_cv_c_const=yes
ac_cv_env_CC_set=
ac_cv_env_CC_value=
ac_cv_env_CFLAGS_set=
ac_cv_env_CFLAGS_value=
ac_cv_env_CPPFLAGS_set=
ac_cv_env_CPPFLAGS_value=
ac_cv_env_CPP_set=
ac_cv_env_CPP_value=
ac_cv_env_LDFLAGS_set=
ac_cv_env_LDFLAGS_value=
ac_cv_env_LIBS_set=
ac_cv_env_LIBS_value=
ac_cv_env_build_alias_set=
ac_cv_env_build_alias_value=
ac_cv_env_host_alias_set=
ac_cv_env_host_alias_value=
ac_cv_env_target_alias_set=
ac_cv_env_target_alias_value=
ac_cv_func_malloc_0_nonnull=yes
ac_cv_func_mkdtemp=yes
ac_cv_header_assert_h=yes
ac_cv_header_inttypes_h=yes
ac_cv_header_memory_h=yes
ac_cv_header_stdbool_h=yes
ac_cv_header_stdc=yes
ac_cv_header_stdint_h=yes
ac_cv_header_stdio_h=yes
ac_cv_header_stdlib_h=yes
ac_cv_header_string_h=yes
ac_cv_header_strings_h=yes
ac_cv_header_sys_stat_h=yes
ac_cv_header_sys_types_h=yes
ac_cv_header_unistd_h=yes
ac_cv_lib_m_main=yes
ac_cv_objext=o
ac_cv_path_EGREP='/bin/grep -E'
ac_cv_path_GREP=/bin/grep
ac_cv_path_SED=/bin/sed
ac_cv_path_install='/usr/bin/install -c'
ac_cv_path_mkdir=/bin/mkdir
ac_cv_prog_AWK=gawk
ac_cv_prog_CPP='gcc -E'
ac_cv_prog_ac_ct_CC=gcc
ac_cv_prog_cc_c89=
ac_cv_prog_cc_g=yes
ac_cv_prog_make_make_set=yes
ac_cv_type__Bool=yes
ac_cv_type_size_t=yes
am_cv_CC_dependencies_compiler_type=gcc3

## ----------------- ##
## Output variables. ##
## ----------------- ##

ACLOCAL='${SHELL} /home/raddick/GitHub/das.sdss.org/config/missing --run aclocal-1.10'
AMDEPBACKSLASH='\'
AMDEP_FALSE='#'
AMDEP_TRUE=''
AMTAR='${SHELL} /home/raddick/GitHub/das.sdss.org/config/missing --run tar'
AUTOCONF='${SHELL} /home/raddick/GitHub/das.sdss.org/config/missing --run autoconf'
AUTOHEADER='${SHELL} /home/raddick/GitHub/das.sdss.org/config/missing --run autoheader'
AUTOMAKE='${SHELL} /home/raddick/GitHub/das.sdss.org/config/missing --run automake-1.10'
AWK='gawk'
BITSIZEOF_PTRDIFF_T=''
BITSIZEOF_SIG_ATOMIC_T=''
BITSIZEOF_SIZE_T=''
BITSIZEOF_WCHAR_T=''
BITSIZEOF_WINT_T=''
CC='gcc'
CCDEPMODE='depmode=gcc3'
CFLAGS='-g -O2'
CPP='gcc -E'
CPPFLAGS=''
CYGPATH_W='echo'
DEFS='-DPACKAGE_NAME=\"sdssdas\" -DPACKAGE_TARNAME=\"sdssdas\" -DPACKAGE_VERSION=\"2.2\" -DPACKAGE_STRING=\"sdssdas\ 2.2\" -DPACKAGE_BUGREPORT=\"neilsen@fnal.gov\" -DPACKAGE=\"sdssdas\" -DVERSION=\"2.2\" -DHAVE_LIBM=1 -DSTDC_HEADERS=1 -DHAVE_SYS_TYPES_H=1 -DHAVE_SYS_STAT_H=1 -DHAVE_STDLIB_H=1 -DHAVE_STRING_H=1 -DHAVE_MEMORY_H=1 -DHAVE_STRINGS_H=1 -DHAVE_INTTYPES_H=1 -DHAVE_STDINT_H=1 -DHAVE_UNISTD_H=1 -DHAVE_ASSERT_H=1 -DHAVE_STDIO_H=1 -DHAVE_SYS_STAT_H=1 -DHAVE_SYS_TYPES_H=1 -DHAVE__BOOL=1 -DHAVE_STDBOOL_H=1 -DDAS_CONFIG_FILE=\"/usr/local/etc/sdssdas.conf\" -DHAVE_STDLIB_H=1 -DHAVE_MALLOC=1'
DEPDIR='.deps'
ECHO_C=''
ECHO_N='-n'
ECHO_T=''
EGREP='/bin/grep -E'
EXEEXT=''
GNULIB_CALLOC_POSIX=''
GNULIB_CHOWN=''
GNULIB_CLOSE=''
GNULIB_DUP2=''
GNULIB_ENVIRON=''
GNULIB_FCHDIR=''
GNULIB_FSYNC=''
GNULIB_FTRUNCATE=''
GNULIB_GETCWD=''
GNULIB_GETDTABLESIZE=''
GNULIB_GETLOGIN_R=''
GNULIB_GETPAGESIZE=''
GNULIB_GETSUBOPT=''
GNULIB_LCHOWN=''
GNULIB_LSEEK=''
GNULIB_MALLOC_POSIX=''
GNULIB_MKDTEMP=''
GNULIB_MKDTEMP_OBJ=''
GNULIB_MKSTEMP=''
GNULIB_PUTENV=''
GNULIB_READLINK=''
GNULIB_REALLOC_POSIX=''
GNULIB_RPMATCH=''
GNULIB_SETENV=''
GNULIB_SLEEP=''
GNULIB_STRTOD=''
GNULIB_TEMPNAME_OBJ=''
GNULIB_UNISTD_H_SIGPIPE=''
GNULIB_UNSETENV=''
GNULIB_WCWIDTH=''
GNULIB_WRITE=''
GREP='/bin/grep'
HAVE_CALLOC_POSIX=''
HAVE_DECL_ENVIRON=''
HAVE_DECL_GETLOGIN_R=''
HAVE_DECL_WCWIDTH=''
HAVE_DUP2=''
HAVE_FSYNC=''
HAVE_FTRUNCATE=''
HAVE_GETDTABLESIZE=''
HAVE_GETPAGESIZE=''
HAVE_GETSUBOPT=''
HAVE_INTTYPES_H=''
HAVE_LONG_LONG_INT=''
HAVE_MALLOC_POSIX=''
HAVE_MKDTEMP=''
HAVE_OS_H=''
HAVE_READLINK=''
HAVE_REALLOC_POSIX=''
HAVE_RPMATCH=''
HAVE_SETENV=''
HAVE_SIGNED_SIG_ATOMIC_T=''
HAVE_SIGNED_WCHAR_T=''
HAVE_SIGNED_WINT_T=''
HAVE_SLEEP=''
HAVE_STDINT_H=''
HAVE_STRTOD=''
HAVE_SYS_BITYPES_H=''
HAVE_SYS_INTTYPES_H=''
HAVE_SYS_PARAM_H=''
HAVE_SYS_TYPES_H=''
HAVE_UNISTD_H=''
HAVE_UNSETENV=''
HAVE_UNSIGNED_LONG_LONG_INT=''
HAVE_WCHAR_H=''
HAVE_WINT_T=''
INCLUDE_NEXT=''
INSTALL_DATA='${INSTALL} -m 644'
INSTALL_PROGRAM='${INSTALL}'
INSTALL_SCRIPT='${INSTALL}'
INSTALL_STRIP_PROGRAM='$(install_sh) -c -s'
LDFLAGS=''
LIBOBJS=''
LIBS='-lm '
LTLIBOBJS=''
MAKEINFO='${SHELL} /home/raddick/GitHub/das.sdss.org/config/missing --run makeinfo'
NEXT_STDINT_H=''
NEXT_STDLIB_H=''
NEXT_UNISTD_H=''
NEXT_WCHAR_H=''
OBJEXT='o'
PACKAGE='sdssdas'
PACKAGE_BUGREPORT='neilsen@fnal.gov'
PACKAGE_NAME='sdssdas'
PACKAGE_STRING='sdssdas 2.2'
PACKAGE_TARNAME='sdssdas'
PACKAGE_VERSION='2.2'
PATH_SEPARATOR=':'
PRAGMA_SYSTEM_HEADER=''
PTRDIFF_T_SUFFIX=''
REPLACE_CHOWN=''
REPLACE_CLOSE=''
REPLACE_FCHDIR=''
REPLACE_GETCWD=''
REPLACE_GETPAGESIZE=''
REPLACE_LCHOWN=''
REPLACE_LSEEK=''
REPLACE_MKSTEMP=''
REPLACE_PUTENV=''
REPLACE_STRTOD=''
REPLACE_WCWIDTH=''
REPLACE_WRITE=''
SED='/bin/sed'
SET_MAKE=''
SHELL='/bin/sh'
SIG_ATOMIC_T_SUFFIX=''
SIZE_T_SUFFIX=''
STDINT_H=''
STRIP=''
UNISTD_H_HAVE_WINSOCK2_H=''
USE_GNULIB_MKDTEMP_FALSE=''
USE_GNULIB_MKDTEMP_TRUE='#'
VERSION='2.2'
VOID_UNSETENV=''
WCHAR_H=''
WCHAR_T_SUFFIX=''
WINT_T_SUFFIX=''
ac_ct_CC='gcc'
am__fastdepCC_FALSE='#'
am__fastdepCC_TRUE=''
am__include='include'
am__isrc=''
am__leading_dot='.'
am__quote=''
am__tar='${AMTAR} chof - "$$tardir"'
am__untar='${AMTAR} xf -'
bindir='${exec_prefix}/bin'
build_alias=''
datadir='${datarootdir}'
datarootdir='${prefix}/share'
docdir='${datarootdir}/doc/${PACKAGE_TARNAME}'
dvidir='${docdir}'
exec_prefix='${prefix}'
host_alias=''
htmldir='${docdir}'
includedir='${prefix}/include'
infodir='${datarootdir}/info'
install_sh='$(SHELL) /home/raddick/GitHub/das.sdss.org/config/install-sh'
libdir='${exec_prefix}/lib'
libexecdir='${exec_prefix}/libexec'
localedir='${datarootdir}/locale'
localstatedir='${prefix}/var'
mandir='${datarootdir}/man'
mkdir_p='/bin/mkdir -p'
oldincludedir='/usr/include'
pdfdir='${docdir}'
prefix='/srv/das'
program_transform_name='s,x,x,'
psdir='${docdir}'
sbindir='${exec_prefix}/sbin'
sharedstatedir='${prefix}/com'
sysconfdir='/usr/local/etc'
target_alias=''

## ----------- ##
## confdefs.h. ##
## ----------- ##

#define PACKAGE_NAME "sdssdas"
#define PACKAGE_TARNAME "sdssdas"
#define PACKAGE_VERSION "2.2"
#define PACKAGE_STRING "sdssdas 2.2"
#define PACKAGE_BUGREPORT "neilsen@fnal.gov"
#define PACKAGE "sdssdas"
#define VERSION "2.2"
#define HAVE_LIBM 1
#define STDC_HEADERS 1
#define HAVE_SYS_TYPES_H 1
#define HAVE_SYS_STAT_H 1
#define HAVE_STDLIB_H 1
#define HAVE_STRING_H 1
#define HAVE_MEMORY_H 1
#define HAVE_STRINGS_H 1
#define HAVE_INTTYPES_H 1
#define HAVE_STDINT_H 1
#define HAVE_UNISTD_H 1
#define HAVE_ASSERT_H 1
#define HAVE_STDIO_H 1
#define HAVE_SYS_STAT_H 1
#define HAVE_SYS_TYPES_H 1
#define HAVE__BOOL 1
#define HAVE_STDBOOL_H 1
#define DAS_CONFIG_FILE "/usr/local/etc/sdssdas.conf"
#define HAVE_STDLIB_H 1
#define HAVE_MALLOC 1

configure: exit 0
